<?xml version="1.0" encoding="UTF-8"?>
<!-- Generated by org.testng.reporters.JUnitXMLReporter -->
<testsuite ignored="0" hostname="LAPTOP-OJKBNC4S" failures="0" tests="12" name="Default test" time="0.056" errors="0" timestamp="22 Mar 2022 18:10:09 GMT">
  <testcase classname="testngSessions.InvocationCountConcept" name="HomePageTest" time="0.009"/>
  <testcase classname="testngSessions.InvocationCountConcept" name="HomePageTest" time="0.003"/>
  <testcase classname="testngSessions.InvocationCountConcept" name="loginTest" time="0.001"/>
  <testcase classname="testngSessions.InvocationCountConcept" name="loginTest" time="0.001"/>
  <testcase classname="testngSessions.InvocationCountConcept" name="loginTest" time="0.001"/>
  <testcase classname="testngSessions.InvocationCountConcept" name="loginTest" time="0.001"/>
  <testcase classname="testngSessions.InvocationCountConcept" name="loginTest" time="0.001"/>
  <testcase classname="testngSessions.InvocationCountConcept" name="loginTest" time="0.003"/>
  <testcase classname="testngSessions.InvocationCountConcept" name="loginTest" time="0.0"/>
  <testcase classname="testngSessions.InvocationCountConcept" name="loginTest" time="0.001"/>
  <testcase classname="testngSessions.InvocationCountConcept" name="loginTest" time="0.001"/>
  <testcase classname="testngSessions.InvocationCountConcept" name="loginTest" time="0.001"/>
</testsuite> <!-- Default test -->
