<?xml version="1.0" encoding="UTF-8"?>
<!-- Generated by org.testng.reporters.JUnitXMLReporter -->
<testsuite ignored="0" hostname="LAPTOP-OJKBNC4S" failures="0" tests="3" name="Amazon Test" time="12.062" errors="0" timestamp="07 Apr 2022 08:31:53 GMT">
  <testcase classname="testngSessions.AmazonTestBM" name="searchTest" time="0.139"/>
  <testcase classname="testngSessions.AmazonTestBM" name="titleTest" time="0.02"/>
  <testcase classname="testngSessions.AmazonTestBM" name="urlTest" time="0.044"/>
</testsuite> <!-- Amazon Test -->
