<?xml version="1.0" encoding="UTF-8"?>
<!-- Generated by org.testng.reporters.JUnitXMLReporter -->
<testsuite ignored="0" hostname="LAPTOP-OJKBNC4S" failures="0" tests="3" name="Demo Cart Test" time="8.262" errors="0" timestamp="07 Apr 2022 08:32:02 GMT">
  <testcase classname="testngSessions.DemoOpenCartTest" name="searchTest" time="0.041"/>
  <testcase classname="testngSessions.DemoOpenCartTest" name="titleTest" time="0.008"/>
  <testcase classname="testngSessions.DemoOpenCartTest" name="urlTest" time="0.009"/>
</testsuite> <!-- Demo Cart Test -->
