<?xml version="1.0" encoding="UTF-8"?>
<testng-results ignored="0" total="6" passed="6" failed="0" skipped="0">
  <reporter-output>
  </reporter-output>
  <suite started-at="2022-04-07T08:31:41Z" name="Regression Test Suite" finished-at="2022-04-07T08:32:02Z" duration-ms="20340">
    <groups>
    </groups>
    <test started-at="2022-04-07T08:31:41Z" name="Amazon Test" finished-at="2022-04-07T08:31:53Z" duration-ms="12062">
      <class name="testngSessions.AmazonTestBM">
        <test-method is-config="true" signature="setup()[pri:0, instance:testngSessions.AmazonTestBM@152aa092]" started-at="2022-04-07T08:31:41Z" name="setup" finished-at="2022-04-07T08:31:46Z" duration-ms="4514" status="PASS">
          <reporter-output>
          </reporter-output>
        </test-method> <!-- setup -->
        <test-method signature="searchTest()[pri:0, instance:testngSessions.AmazonTestBM@152aa092]" started-at="2022-04-07T08:31:46Z" name="searchTest" finished-at="2022-04-07T08:31:46Z" duration-ms="139" status="PASS">
          <reporter-output>
          </reporter-output>
        </test-method> <!-- searchTest -->
        <test-method is-config="true" signature="tearDown()[pri:0, instance:testngSessions.AmazonTestBM@152aa092]" started-at="2022-04-07T08:31:46Z" name="tearDown" finished-at="2022-04-07T08:31:47Z" duration-ms="689" status="PASS">
          <reporter-output>
          </reporter-output>
        </test-method> <!-- tearDown -->
        <test-method is-config="true" signature="setup()[pri:0, instance:testngSessions.AmazonTestBM@152aa092]" started-at="2022-04-07T08:31:47Z" name="setup" finished-at="2022-04-07T08:31:49Z" duration-ms="2616" status="PASS">
          <reporter-output>
          </reporter-output>
        </test-method> <!-- setup -->
        <test-method signature="titleTest()[pri:0, instance:testngSessions.AmazonTestBM@152aa092]" started-at="2022-04-07T08:31:49Z" name="titleTest" finished-at="2022-04-07T08:31:49Z" duration-ms="20" status="PASS">
          <reporter-output>
          </reporter-output>
        </test-method> <!-- titleTest -->
        <test-method is-config="true" signature="tearDown()[pri:0, instance:testngSessions.AmazonTestBM@152aa092]" started-at="2022-04-07T08:31:49Z" name="tearDown" finished-at="2022-04-07T08:31:50Z" duration-ms="669" status="PASS">
          <reporter-output>
          </reporter-output>
        </test-method> <!-- tearDown -->
        <test-method is-config="true" signature="setup()[pri:0, instance:testngSessions.AmazonTestBM@152aa092]" started-at="2022-04-07T08:31:50Z" name="setup" finished-at="2022-04-07T08:31:53Z" duration-ms="2679" status="PASS">
          <reporter-output>
          </reporter-output>
        </test-method> <!-- setup -->
        <test-method signature="urlTest()[pri:0, instance:testngSessions.AmazonTestBM@152aa092]" started-at="2022-04-07T08:31:53Z" name="urlTest" finished-at="2022-04-07T08:31:53Z" duration-ms="44" status="PASS">
          <reporter-output>
          </reporter-output>
        </test-method> <!-- urlTest -->
        <test-method is-config="true" signature="tearDown()[pri:0, instance:testngSessions.AmazonTestBM@152aa092]" started-at="2022-04-07T08:31:53Z" name="tearDown" finished-at="2022-04-07T08:31:53Z" duration-ms="657" status="PASS">
          <reporter-output>
          </reporter-output>
        </test-method> <!-- tearDown -->
      </class> <!-- testngSessions.AmazonTestBM -->
    </test> <!-- Amazon Test -->
    <test started-at="2022-04-07T08:31:53Z" name="Demo Cart Test" finished-at="2022-04-07T08:32:02Z" duration-ms="8262">
      <class name="testngSessions.DemoOpenCartTest">
        <test-method is-config="true" signature="setup()[pri:0, instance:testngSessions.DemoOpenCartTest@68c72235]" started-at="2022-04-07T08:31:53Z" name="setup" finished-at="2022-04-07T08:31:55Z" duration-ms="1968" status="PASS">
          <reporter-output>
          </reporter-output>
        </test-method> <!-- setup -->
        <test-method signature="searchTest()[pri:0, instance:testngSessions.DemoOpenCartTest@68c72235]" started-at="2022-04-07T08:31:55Z" name="searchTest" finished-at="2022-04-07T08:31:55Z" duration-ms="41" status="PASS">
          <reporter-output>
          </reporter-output>
        </test-method> <!-- searchTest -->
        <test-method is-config="true" signature="tearDown()[pri:0, instance:testngSessions.DemoOpenCartTest@68c72235]" started-at="2022-04-07T08:31:55Z" name="tearDown" finished-at="2022-04-07T08:31:56Z" duration-ms="656" status="PASS">
          <reporter-output>
          </reporter-output>
        </test-method> <!-- tearDown -->
        <test-method is-config="true" signature="setup()[pri:0, instance:testngSessions.DemoOpenCartTest@68c72235]" started-at="2022-04-07T08:31:56Z" name="setup" finished-at="2022-04-07T08:31:58Z" duration-ms="2054" status="PASS">
          <reporter-output>
          </reporter-output>
        </test-method> <!-- setup -->
        <test-method signature="titleTest()[pri:0, instance:testngSessions.DemoOpenCartTest@68c72235]" started-at="2022-04-07T08:31:58Z" name="titleTest" finished-at="2022-04-07T08:31:58Z" duration-ms="8" status="PASS">
          <reporter-output>
          </reporter-output>
        </test-method> <!-- titleTest -->
        <test-method is-config="true" signature="tearDown()[pri:0, instance:testngSessions.DemoOpenCartTest@68c72235]" started-at="2022-04-07T08:31:58Z" name="tearDown" finished-at="2022-04-07T08:31:59Z" duration-ms="642" status="PASS">
          <reporter-output>
          </reporter-output>
        </test-method> <!-- tearDown -->
        <test-method is-config="true" signature="setup()[pri:0, instance:testngSessions.DemoOpenCartTest@68c72235]" started-at="2022-04-07T08:31:59Z" name="setup" finished-at="2022-04-07T08:32:01Z" duration-ms="2228" status="PASS">
          <reporter-output>
          </reporter-output>
        </test-method> <!-- setup -->
        <test-method signature="urlTest()[pri:0, instance:testngSessions.DemoOpenCartTest@68c72235]" started-at="2022-04-07T08:32:01Z" name="urlTest" finished-at="2022-04-07T08:32:01Z" duration-ms="9" status="PASS">
          <reporter-output>
          </reporter-output>
        </test-method> <!-- urlTest -->
        <test-method is-config="true" signature="tearDown()[pri:0, instance:testngSessions.DemoOpenCartTest@68c72235]" started-at="2022-04-07T08:32:01Z" name="tearDown" finished-at="2022-04-07T08:32:02Z" duration-ms="645" status="PASS">
          <reporter-output>
          </reporter-output>
        </test-method> <!-- tearDown -->
      </class> <!-- testngSessions.DemoOpenCartTest -->
    </test> <!-- Demo Cart Test -->
  </suite> <!-- Regression Test Suite -->
</testng-results>
